store 0x7ffcd817dc50 0
store 0x7ffcd817dc48 0
store 0x7ffcd817dc40 1
store 0x7ffcd817dc38 0
store 0x7ffcd817dc30 1
store 0x7ffcd817dc28 0
load 0x7ffcd817dc70 3
store 0x7ffcd817ca28 0
store 0x7ffcd817c6d8 0
store 0x7ffcd817ca30 1
store 0x7ffcd817c6e8 0
_pc2_load1_f 0x7ffcd817df00 0 -1 1
store 0x7ffcd817c6c8 3
_pc2_load1_f 0x7ffcd817df04 0 -1 0
store 0x7ffcd817c6d0 1
_pc2_set_store_stride 1024 0
store 0x7ffcd817ca40 4
load 0x7ffcd817ca28 0
load 0x7ffcd817ca40 1
load 0x7ffcd817ca28 2
store 0x7ffcd817c778 0
load 0x7ffcd817ca40 1
load 0x7ffcd817ca28 2
store 0x7ffcd817c7f8 0
_pc2_set_vector_length 1024 2
load 0x7ffcd817ca28 0
store 0x7ffcd817c800 0
load 0x7ffcd817dc60 0
store 0x7ffcd817c6e0 0
store 0x7ffcd817c700 0
store 0x7ffcd817c6f0 1
store 0x7ffcd817c7d8 4
store 0x7ffcd817c7d0 0
load 0x7ffcd817c6d8 0
store 0x7ffcd817c7e0 1
store 0x7ffcd817c7e8 5
load 0x7ffcd817ca30 5
store 0x7ffcd817c808 0
store 0x7ffcd817c810 0
store 0x7ffcd817c818 1
store 0x7ffcd817c820 0
store 0x7ffcd817c828 1
load 0x7ffcd817c6d8 1
load 0x7ffcd817c800 0
store 0x7ffcd817ca40 0
_pc2_set_vector_count 8 3
load 0x7ffcd817dc68 0
load 0x7ffcd817dc60 0
load 0x7ffcd817c6f0 0
load 0x7ffcd817c700 0
store 0x7ffcd817c780 0
load 0x7ffcd817ca30 0
store 0x7ffcd817c7f0 0
load 0x7ffcd817c7f0 1
_pc2_load1_f 0x5566ac6b82d0 1 -1 3
load 0x5566ac6b9bf0 2
load 0x5566ac6b9bd4 1
load 0x5566ac6b9bd8 0
store 0x7ffcd817c7f0 0
load 0x5566ac6b9bd0 0
store 0x7ffcd817c778 0
load 0x7ffcd817c6e8 0
load 0x5566ac6b9bdc 0
load 0x5566ac6b9be0 0
load 0x5566ac6b9be4 0
load 0x5566ac6b9be8 0
store 0x7ffcd817c708 0
load 0x5566ac6b9bec 1
store 0x7ffcd817c740 0
store 0x7ffcd817c748 0
store 0x7ffcd817c788 0
store 0x7ffcd817c750 1
store 0x7ffcd817c758 1
store 0x7ffcd817c760 0
store 0x7ffcd817c768 0
store 0x7ffcd817c770 0
store 0x7ffcd817c790 0
store 0x7ffcd817c730 1
store 0x7ffcd817c6f8 1
store 0x7ffcd817c728 0
store 0x7ffcd817c720 0
store 0x7ffcd817c798 0
store 0x7ffcd817c7a0 2
store 0x7ffcd817c7a8 2
store 0x7ffcd817c7b0 2
store 0x7ffcd817c7b8 2
store 0x7ffcd817c7c0 2
store 0x7ffcd817c718 0
store 0x7ffcd817c738 0
load 0x7ffcd817c6e0 0
store 0x7ffcd817c7c8 0
store 0x7ffcd817c710 0
_pc2_set1_f -1 3
_pc2_set1_f -1 3
load 0x7ffcd817c740 0
load 0x7ffcd817c708 0
load 0x7ffcd817c708 2
load 0x5566ac6ba3d0 2
_pc2_load_f 0x5566ac6f3200 0 0 2
load 0x7ffcd817c788 0
_pc2_load1_f 0x5566ac6ba340 0 0 3
load 0x7ffcd817c788 0
store 0x7ffcd817c788 0
load 0x7ffcd817c708 0
store 0x7ffcd817c708 0
load 0x7ffcd817c748 1
load 0x7ffcd817c710 0
load 0x7ffcd817c710 1
load 0x5566ac6ba3dc 2
_pc2_load_f 0x5566ac6f6200 0 1 2
load 0x7ffcd817c790 0
_pc2_load1_f 0x5566ac6ba34c 0 1 3
load 0x7ffcd817c790 0
store 0x7ffcd817c790 0
load 0x7ffcd817c710 0
store 0x7ffcd817c710 0
load 0x7ffcd817c750 1
load 0x7ffcd817c718 0
load 0x7ffcd817c718 1
load 0x5566ac6ba3e4 2
_pc2_load_f 0x5566ac6ee200 0 2 2
load 0x7ffcd817c798 0
_pc2_load1_f 0x5566ac6ba354 0 2 3
load 0x7ffcd817c798 0
store 0x7ffcd817c798 0
load 0x7ffcd817c718 0
store 0x7ffcd817c718 0
load 0x7ffcd817c758 1
load 0x7ffcd817c720 0
load 0x7ffcd817c720 1
load 0x5566ac6ba3f0 2
_pc2_load_f 0x5566ac6ee200 0 3 2
load 0x7ffcd817c7a0 0
_pc2_load1_f 0x5566ac6ba360 0 3 3
load 0x7ffcd817c7a0 0
store 0x7ffcd817c7a0 0
load 0x7ffcd817c720 0
store 0x7ffcd817c720 0
load 0x7ffcd817c760 1
load 0x7ffcd817c728 0
load 0x7ffcd817c728 1
load 0x5566ac6ba400 2
_pc2_load_f 0x5566ac6f3200 0 4 2
load 0x7ffcd817c7a8 0
_pc2_load1_f 0x5566ac6ba370 0 4 3
load 0x7ffcd817c7a8 0
store 0x7ffcd817c7a8 0
load 0x7ffcd817c728 0
store 0x7ffcd817c728 0
load 0x7ffcd817c768 1
load 0x7ffcd817c6f8 0
load 0x7ffcd817c6f8 1
load 0x5566ac6ba410 2
_pc2_load_f 0x5566ac6f0200 0 5 2
load 0x7ffcd817c7b0 0
_pc2_load1_f 0x5566ac6ba380 0 5 3
load 0x7ffcd817c7b0 0
store 0x7ffcd817c7b0 0
load 0x7ffcd817c6f8 0
store 0x7ffcd817c6f8 0
load 0x7ffcd817c770 0
load 0x5566ac6ba420 4
_pc2_load_f 0x5566ac6ed200 0 6 3
load 0x7ffcd817c7b8 0
_pc2_load1_f 0x5566ac6ba390 0 6 3
load 0x7ffcd817c7b8 0
store 0x7ffcd817c7b8 0
load 0x7ffcd817c778 0
load 0x7ffcd817c730 0
load 0x7ffcd817c730 1
load 0x5566ac6ba42c 2
_pc2_load_f 0x5566ac6ee200 0 7 2
load 0x7ffcd817c7c0 0
_pc2_load1_f 0x5566ac6ba39c 0 7 3
load 0x7ffcd817c7c0 0
store 0x7ffcd817c7c0 0
load 0x7ffcd817c730 0
store 0x7ffcd817c730 0
_pc2_mul_f -1 4
load 0x7ffcd817c738 0
_pc2_add_f -1 2
store 0x7ffcd817c738 0
_pc2_set1_f -1 3
_pc2_set1_f -1 3
load 0x7ffcd817c740 0
load 0x7ffcd817c708 0
load 0x7ffcd817c708 2
load 0x5566ac6ba3d4 2
_pc2_load_f 0x5566ac6f6200 0 0 2
load 0x7ffcd817c788 0
_pc2_load1_f 0x5566ac6ba344 0 0 3
load 0x7ffcd817c788 0
store 0x7ffcd817c788 0
load 0x7ffcd817c708 0
store 0x7ffcd817c708 0
load 0x7ffcd817c748 1
load 0x7ffcd817c710 0
load 0x7ffcd817c710 1
load 0x5566ac6ba3e0 2
_pc2_load_f 0x5566ac6fa200 0 1 2
load 0x7ffcd817c790 0
_pc2_load1_f 0x5566ac6ba350 0 1 3
load 0x7ffcd817c790 0
store 0x7ffcd817c790 0
load 0x7ffcd817c710 0
store 0x7ffcd817c710 0
load 0x7ffcd817c750 1
load 0x7ffcd817c718 0
load 0x7ffcd817c718 1
load 0x5566ac6ba3e8 2
_pc2_load_f 0x5566ac6f0200 0 2 2
load 0x7ffcd817c798 0
_pc2_load1_f 0x5566ac6ba358 0 2 3
load 0x7ffcd817c798 0
store 0x7ffcd817c798 0
load 0x7ffcd817c718 0
store 0x7ffcd817c718 0
load 0x7ffcd817c758 1
load 0x7ffcd817c720 0
load 0x7ffcd817c720 1
load 0x5566ac6ba3f4 2
_pc2_load_f 0x5566ac6f0200 0 3 2
load 0x7ffcd817c7a0 0
_pc2_load1_f 0x5566ac6ba364 0 3 3
load 0x7ffcd817c7a0 0
store 0x7ffcd817c7a0 0
load 0x7ffcd817c720 0
store 0x7ffcd817c720 0
load 0x7ffcd817c760 1
load 0x7ffcd817c728 0
load 0x7ffcd817c728 1
load 0x5566ac6ba404 2
_pc2_load_f 0x5566ac6f4200 0 4 2
load 0x7ffcd817c7a8 0
_pc2_load1_f 0x5566ac6ba374 0 4 3
load 0x7ffcd817c7a8 0
store 0x7ffcd817c7a8 0
load 0x7ffcd817c728 0
store 0x7ffcd817c728 0
load 0x7ffcd817c768 1
load 0x7ffcd817c6f8 0
load 0x7ffcd817c6f8 1
load 0x5566ac6ba414 2
_pc2_load_f 0x5566ac6f1200 0 5 2
load 0x7ffcd817c7b0 0
_pc2_load1_f 0x5566ac6ba384 0 5 3
load 0x7ffcd817c7b0 0
store 0x7ffcd817c7b0 0
load 0x7ffcd817c6f8 0
store 0x7ffcd817c6f8 0
load 0x7ffcd817c770 0
load 0x5566ac6ba424 4
_pc2_load_f 0x5566ac6ee200 0 6 3
load 0x7ffcd817c7b8 0
_pc2_load1_f 0x5566ac6ba394 0 6 3
load 0x7ffcd817c7b8 0
store 0x7ffcd817c7b8 0
load 0x7ffcd817c778 0
load 0x7ffcd817c730 0
load 0x7ffcd817c730 1
load 0x5566ac6ba430 2
_pc2_load_f 0x5566ac6f2200 0 7 2
load 0x7ffcd817c7c0 0
_pc2_load1_f 0x5566ac6ba3a0 0 7 3
load 0x7ffcd817c7c0 0
store 0x7ffcd817c7c0 0
load 0x7ffcd817c730 0
store 0x7ffcd817c730 0
_pc2_mul_f -1 4
load 0x7ffcd817c738 0
_pc2_add_f -1 2
store 0x7ffcd817c738 0
_pc2_set1_f -1 3
_pc2_set1_f -1 3
load 0x7ffcd817c740 0
load 0x7ffcd817c708 0
load 0x7ffcd817c708 2
load 0x5566ac6ba3d8 2
_pc2_load_f 0x5566ac6f7200 0 0 2
load 0x7ffcd817c788 0
_pc2_load1_f 0x5566ac6ba348 0 0 3
load 0x7ffcd817c788 0
store 0x7ffcd817c788 0
load 0x7ffcd817c708 0
store 0x7ffcd817c708 0
load 0x7ffcd817c748 1
load 0x7ffcd817c710 0
load 0x7ffcd817c750 1
load 0x7ffcd817c718 0
load 0x7ffcd817c718 1
load 0x5566ac6ba3ec 2
_pc2_load_f 0x5566ac6f8200 0 2 2
load 0x7ffcd817c798 0
_pc2_load1_f 0x5566ac6ba35c 0 2 3
load 0x7ffcd817c798 0
store 0x7ffcd817c798 0
load 0x7ffcd817c718 0
store 0x7ffcd817c718 0
load 0x7ffcd817c758 1
load 0x7ffcd817c720 0
load 0x7ffcd817c720 1
load 0x5566ac6ba3f8 2
_pc2_load_f 0x5566ac6f4200 0 3 2
load 0x7ffcd817c7a0 0
_pc2_load1_f 0x5566ac6ba368 0 3 3
load 0x7ffcd817c7a0 0
store 0x7ffcd817c7a0 0
load 0x7ffcd817c720 0
store 0x7ffcd817c720 0
load 0x7ffcd817c760 1
load 0x7ffcd817c728 0
load 0x7ffcd817c728 1
load 0x5566ac6ba408 2
_pc2_load_f 0x5566ac6f9200 0 4 2
load 0x7ffcd817c7a8 0
_pc2_load1_f 0x5566ac6ba378 0 4 3
load 0x7ffcd817c7a8 0
store 0x7ffcd817c7a8 0
load 0x7ffcd817c728 0
store 0x7ffcd817c728 0
load 0x7ffcd817c768 1
load 0x7ffcd817c6f8 0
load 0x7ffcd817c6f8 1
load 0x5566ac6ba418 2
_pc2_load_f 0x5566ac6f2200 0 5 2
load 0x7ffcd817c7b0 0
_pc2_load1_f 0x5566ac6ba388 0 5 3
load 0x7ffcd817c7b0 0
store 0x7ffcd817c7b0 0
load 0x7ffcd817c6f8 0
store 0x7ffcd817c6f8 0
load 0x7ffcd817c770 0
load 0x5566ac6ba428 4
_pc2_load_f 0x5566ac6f1200 0 6 3
load 0x7ffcd817c7b8 0
_pc2_load1_f 0x5566ac6ba398 0 6 3
load 0x7ffcd817c7b8 0
store 0x7ffcd817c7b8 0
load 0x7ffcd817c778 0
load 0x7ffcd817c730 0
load 0x7ffcd817c730 1
load 0x5566ac6ba434 2
_pc2_load_f 0x5566ac6f4200 0 7 2
load 0x7ffcd817c7c0 0
_pc2_load1_f 0x5566ac6ba3a4 0 7 3
load 0x7ffcd817c7c0 0
store 0x7ffcd817c7c0 0
load 0x7ffcd817c730 0
store 0x7ffcd817c730 0
_pc2_mul_f -1 4
load 0x7ffcd817c738 0
_pc2_add_f -1 2
store 0x7ffcd817c738 0
_pc2_set1_f -1 3
_pc2_set1_f -1 3
load 0x7ffcd817c740 0
load 0x7ffcd817c708 0
load 0x7ffcd817c748 2
load 0x7ffcd817c710 0
load 0x7ffcd817c750 1
load 0x7ffcd817c718 0
load 0x7ffcd817c758 1
load 0x7ffcd817c720 0
load 0x7ffcd817c720 1
load 0x5566ac6ba3fc 2
_pc2_load_f 0x5566ac6fa200 0 3 2
load 0x7ffcd817c7a0 0
_pc2_load1_f 0x5566ac6ba36c 0 3 3
load 0x7ffcd817c7a0 0
store 0x7ffcd817c7a0 0
load 0x7ffcd817c720 0
store 0x7ffcd817c720 0
load 0x7ffcd817c760 1
load 0x7ffcd817c728 0
load 0x7ffcd817c728 1
load 0x5566ac6ba40c 2
_pc2_load_f 0x5566ac6fb200 0 4 2
load 0x7ffcd817c7a8 0
_pc2_load1_f 0x5566ac6ba37c 0 4 3
load 0x7ffcd817c7a8 0
store 0x7ffcd817c7a8 0
load 0x7ffcd817c728 0
store 0x7ffcd817c728 0
load 0x7ffcd817c768 1
load 0x7ffcd817c6f8 0
load 0x7ffcd817c6f8 1
load 0x5566ac6ba41c 2
_pc2_load_f 0x5566ac6f5200 0 5 2
load 0x7ffcd817c7b0 0
_pc2_load1_f 0x5566ac6ba38c 0 5 3
load 0x7ffcd817c7b0 0
store 0x7ffcd817c7b0 0
load 0x7ffcd817c6f8 0
store 0x7ffcd817c6f8 0
load 0x7ffcd817c770 0
load 0x7ffcd817c778 1
load 0x7ffcd817c730 0
_pc2_mul_f -1 4
load 0x7ffcd817c738 0
_pc2_add_f -1 2
store 0x7ffcd817c738 0
_pc2_set1_f -1 3
_pc2_set1_f -1 3
load 0x7ffcd817c740 0
load 0x7ffcd817c708 0
load 0x7ffcd817c748 2
load 0x7ffcd817c710 0
load 0x7ffcd817c750 1
load 0x7ffcd817c718 0
load 0x7ffcd817c758 1
load 0x7ffcd817c720 0
load 0x7ffcd817c760 1
load 0x7ffcd817c728 0
load 0x7ffcd817c768 1
load 0x7ffcd817c6f8 0
load 0x7ffcd817c770 1
load 0x7ffcd817c778 1
load 0x7ffcd817c730 0
load 0x7ffcd817c738 3
load 0x7ffcd817c6d0 0
load 0x7ffcd817c7c8 1
_pc2_min_f -1 1
load 0x7ffcd817c6c8 0
_pc2_max_f -1 3
load 0x7ffcd817c780 0
_pc2_store_f 0x5566ac6ba480 3 -1 4
load 0x7ffcd817c7d8 1
store 0x7ffcd817c780 1
load 0x7f80c5497fa8 3
store 0x7ffcd817c688 2
load 0x7ffcd817c688 0
load 0x7f80c5498688 0
load 0x7ffcd817c688 1
load 0x7f80c5498680 0
load 0x7ffcd817c690 6
load 0x7ffcd817c698 0
load 0x7f80c5497f78 1
load 0x7f80c54986c0 0
load 0x7f80c5497f78 2
store 0x7f80c54986c0 0
load 0x7f80c5497fa8 0
store 0x7ffcd817c688 3
load 0x7ffcd817c688 0
load 0x7f80c5498680 0
load 0x7ffcd817c688 0
store 0x7ffcd817c668 4
store 0x7ffcd817c660 0
load 0x7ffcd817c668 0
store 0x7ffcd817c648 2
load 0x7ffcd817c648 0
load 0x7ffcd817c650 0
load 0x7ffcd817c658 0
load 0x7ffcd817c668 1
load 0x7f80c5498688 0
load 0x7ffcd817c660 0
store 0x7ffcd817c648 4
store 0x7ffcd817c640 0
store 0x7ffcd817c638 0
load 0x7ffcd817c640 0
load 0x7ffcd817c648 0
store 0x7ffcd817c618 4
store 0x7ffcd817c610 0
load 0x7ffcd817c610 0
load 0x7ffcd817c618 0
store 0x7ffcd817c5f8 3
store 0x7ffcd817c5f0 0
load 0x7ffcd817c600 1
load 0x7ffcd817c608 0
load 0x7ffcd817c620 1
load 0x7ffcd817c628 0
load 0x7ffcd817c650 1
load 0x7ffcd817c658 0
load 0x7ffcd817c668 0
load 0x7ffcd817c660 0
store 0x7f80c5498688 0
load 0x7ffcd817c670 1
load 0x7ffcd817c678 0
load 0x7ffcd817c690 1
load 0x7ffcd817c698 0
load 0x7f80c5497ff0 1
store 0x7ffcd817c688 2
load 0x7f80c5294849 10
load 0x7ffcd817c678 7
store 0x7ffcd817c668 3
store 0x7ffcd817c660 0
store 0x7ffcd817c658 1
store 0x7ffcd817c650 1
store 0x7ffcd817c648 0
store 0x7ffcd817c600 1
load 0x7f80c57017a8 3
store 0x7ffcd817c638 0
store 0x7ffcd817c5e8 2
load 0x7f80c54986e0 2
store 0x7ffcd817c628 0
store 0x7ffcd817c620 0
load 0x7f80c1b9ef08 0
load 0x7f80c54988b0 1
load 0x7f80c54987f8 0
load 0x7f80c54987f8 2
store 0x7ffcd817c620 2
load 0x7ffcd817c5e8 1
load 0x7ffcd817c5f0 0
load 0x7ffcd817c5f8 0
load 0x7ffcd817c620 0
load 0x7f80c54986e0 1
load 0x7f80c1b9ef08 0
load 0x7f80c54987e8 1
store 0x7ffcd817c608 0
load 0x7f80c54988c0 2
load 0x7ffcd817c600 0
load 0x7f80c54986e8 1
store 0x7ffcd817c5e0 0
store 0x7ffcd817c5d8 1
load 0x7f80c5498760 1
load 0x7f80c54987b0 0
load 0x7f80c1ba76b0 3
load 0x7f80c5498791 6
load 0x7f80c5498710 1
load 0x7f80c5498718 0
load 0x7f80c5498792 1
load 0x7ffcd817c5d8 10
load 0x7ffcd817c5e0 0
load 0x7ffcd817c5e8 0
load 0x7ffcd817c5f0 0
load 0x7f80c1ba42b8 1
store 0x7ffcd817c5f0 0
store 0x7ffcd817c5e8 0
store 0x7ffcd817c5e0 0
store 0x7ffcd817c5d8 0
store 0x7ffcd817c5d0 0
load 0x7f80c5498710 7
load 0x7f80c5498718 0
load 0x7f80c529484c 17
load 0x7f80c5294849 0
store 0x5566ac6c5793 0
store 0x5566ac6c5790 0
load 0x7ffcd817c5c8 0
load 0x7f80c5498710 0
store 0x7f80c5498710 0
load 0x7ffcd817c5d0 2
load 0x7ffcd817c5d8 1
load 0x7ffcd817c5e0 0
load 0x7ffcd817c5e8 0
load 0x7ffcd817c5f0 0
load 0x7ffcd817c5f8 0
load 0x7f80c54986e0 0
load 0x7f80c1b9ef08 0
store 0x7f80c54987e8 3
load 0x7ffcd817c628 0
load 0x7f80c54986e0 0
load 0x7f80c1b9ef08 0
load 0x7f80c54987f1 1
load 0x7ffcd817c638 1
load 0x7f80c57017a8 0
load 0x7ffcd817c648 3
load 0x7ffcd817c650 0
load 0x7ffcd817c658 0
load 0x7ffcd817c660 0
load 0x7ffcd817c668 0
load 0x7ffcd817c670 0
load 0x7ffcd817c678 0
load 0x7ffcd817c688 2
load 0x7ffcd817c690 0
load 0x7ffcd817c698 0
load 0x7f80c5497f70 1
store 0x7ffcd817c690 2
store 0x7ffcd817c688 0
load 0x7f80c54986e0 1
load 0x7f80c1b9ef08 0
load 0x7f80c54988c8 0
load 0x7f80c1ba7778 2
load 0x7f80c1ba7783 2
store 0x7ffcd817c668 2
store 0x7ffcd817c660 0
load 0x7f80c57017a8 3
store 0x7ffcd817c658 0
store 0x7ffcd817c628 4
load 0x7f80c54986e0 2
store 0x7ffcd817c648 0
store 0x7ffcd817c640 0
load 0x7f80c1b9ef08 0
load 0x7f80c54988b0 1
load 0x7f80c54987f8 0
load 0x7f80c54987f8 2
store 0x7ffcd817c640 2
load 0x7ffcd817c628 1
load 0x7ffcd817c630 0
load 0x7ffcd817c638 0
load 0x7ffcd817c640 0
load 0x7f80c54986e0 1
load 0x7f80c1b9ef08 0
load 0x7f80c54988c0 0
load 0x7f80c5498710 0
load 0x7f80c5498718 0
store 0x5566ac6c5797 1
load 0x7f80c5498710 0
store 0x7f80c5498710 0
load 0x7ffcd817c648 0
load 0x7f80c54986e0 0
load 0x7f80c1b9ef08 0
load 0x7f80c54987f1 1
load 0x7ffcd817c658 1
load 0x7f80c57017a8 0
load 0x7ffcd817c660 3
load 0x7ffcd817c668 0
load 0x7ffcd817c670 0
load 0x7ffcd817c678 0
load 0x7ffcd817c688 1
load 0x7ffcd817c690 1
load 0x7f80c1ba4218 1
store 0x7ffcd817c690 0
load 0x7f80c54986e0 0
load 0x7f80c1b9ef08 1
load 0x7f80c54988c0 0
load 0x7f80c54986e8 2
load 0x7f80c54986e8 2
load 0x7f80c57017a8 2
store 0x7ffcd817c658 0
load 0x7f80c5498760 1
load 0x7f80c5498791 1
load 0x7f80c5498708 3
load 0x7f80c5498710 0
store 0x7ffcd817c638 7
store 0x7ffcd817c630 0
store 0x7ffcd817c628 0
store 0x7ffcd817c620 0
store 0x7ffcd817c618 0
load 0x7f80c54987b0 2
load 0x7f80c57017a8 0
store 0x7ffcd817c608 0
load 0x7f80c1ba76b0 3
store 0x7ffcd817c5b8 8
store 0x7ffcd817c5b0 0
store 0x7ffcd817c5a8 1
load 0x7f80c1ba3108 3
load 0x5566ac6b7b40 0
load 0x5566ac6b7bb0 1
load 0x7ffcd817c598 2
load 0x7ffcd817c598 11
load 0x7ffcd817c5a8 6
load 0x7ffcd817c5b0 0
load 0x7ffcd817c5b8 0
load 0x7ffcd817c5c0 0
load 0x7ffcd817c5c8 0
load 0x7ffcd817c608 2
load 0x7f80c57017a8 0
load 0x7ffcd817c618 2
load 0x7ffcd817c620 0
load 0x7ffcd817c628 0
load 0x7ffcd817c630 0
load 0x7ffcd817c638 0
load 0x7ffcd817c640 0
load 0x7ffcd817c648 0
load 0x7f80c5498780 2
load 0x7f80c5498760 0
store 0x7f80c54986f0 0
store 0x7f80c54986f8 0
store 0x7f80c5498700 0
load 0x7f80c5498788 1
store 0x7f80c5498718 4
store 0x7f80c5498710 1
store 0x7f80c5498708 0
load 0x7ffcd817c658 4
load 0x7f80c57017a8 0
load 0x7ffcd817c668 2
load 0x7ffcd817c670 0
load 0x7ffcd817c678 0
load 0x7ffcd817c688 5
load 0x7ffcd817c690 3
load 0x7ffcd817c698 0
load 0x7ffcd817c6a0 1
load 0x7ffcd817c6a8 0
load 0x7ffcd817c6b0 1
load 0x7ffcd817c6b8 0
load 0x7ffcd817c7e8 0
load 0x7ffcd817c810 1
load 0x7ffcd817dc68 0
load 0x7ffcd817c808 0
load 0x7ffcd817c818 0
load 0x7ffcd817c820 0
store 0x7ffcd817c6f8 0
load 0x7ffcd817c828 0
load 0x7ffcd817c6d8 0
store 0x7ffcd817c740 0
store 0x7ffcd817c738 0
load 0x7ffcd817c740 1
load 0x7ffcd817c6d8 2
store 0x7ffcd817c708 0
load 0x7ffcd817c740 1
load 0x7ffcd817c6d8 2
store 0x7ffcd817c708 0
load 0x7ffcd817c7f8 1
store 0x7ffcd817c7f8 0
load 0x7ffcd817c6e0 0
store 0x7ffcd817c6e0 0
load 0x7ffcd817c7f8 0
load 0x7ffcd817dc68 0
store 0x7ffcd817dc68 0
load 0x7ffcd817c800 0
store 0x7ffcd817c800 0
load 0x7ffcd817ca28 0
load 0x7ffcd817c6e0 1
load 0x7ffcd817c700 0
load 0x7ffcd817ca40 1
load 0x7ffcd817ca28 2
store 0x7ffcd817c8b0 0
load 0x7ffcd817ca40 1
load 0x7ffcd817ca28 2
store 0x7ffcd817ca38 0
load 0x7ffcd817ca40 1
load 0x7ffcd817ca28 0
load 0x7ffcd817dc28 2
load 0x7ffcd817dc30 0
load 0x7ffcd817dc38 0
load 0x7ffcd817dc40 0
load 0x7ffcd817dc48 0
load 0x7ffcd817dc50 0
